{"name": "test_movie_list", "status": "failed", "statusDetails": {"message": "AssertionError: element->('xpath', \"//*[contains(@data-rating,'8')]\") can't be found in find_element_and_click", "trace": "self = <pages.home_page.HomePage object at 0x108827490>, locator = ('xpath', \"//*[contains(@data-rating,'8')]\"), timeout = 10, return_bool = False\n\n    @allure.step\n    def find_element_and_click(self, locator, timeout=10, return_bool=False):\n        \"\"\"\n        Purpose:\n            find element based on locator, make sure element is clickable, and click the element.\n        Args:\n            locator (e.g. AndroidLocators.DEFAULT_ANDROID_POPOVER_OK_BUTTON)\n            (optional) timeout (int): How much time to wait before exception; default is 10 seconds\n            (optional) return_bool (bool): Return bool instead of assertionError; default is False\n        Returns:\n            either bool or None depends on return_bool option\n        \"\"\"\n        # this decides whether to fail the test if the element can't be found\n        function_will_return_boolean = return_bool\n        el = None\n        try:\n>           el = WebDriverWait(self.driver, timeout).until(EC.presence_of_element_located(locator))\n\npages/base_pages.py:34: \n_ _ _ _ _ _ _ _ _ _ _ _ _ _ _ _ _ _ _ _ _ _ _ _ _ _ _ _ _ _ _ _ _ _ _ _ _ _ _ _ _ _ _ _ _ _ _ _ _ _ _ _ _ _ _ _ _ _ _ _ _ _ _ _ _ _ _ _ _ _ _ _ _ _ _ _ _ _ _ _ _ _ _ _ _ _ _ _ _ _ _ _ \n\nself = <selenium.webdriver.support.wait.WebDriverWait (session=\"bd0b25f27d7a62dccb964a5cdd318fc2\")>, method = <function presence_of_element_located.<locals>._predicate at 0x108852d40>\nmessage = ''\n\n    def until(self, method, message: str = \"\"):\n        \"\"\"Calls the method provided with the driver as an argument until the \\\n        return value does not evaluate to ``False``.\n    \n        :param method: callable(WebDriver)\n        :param message: optional message for :exc:`TimeoutException`\n        :returns: the result of the last call to `method`\n        :raises: :exc:`selenium.common.exceptions.TimeoutException` if timeout occurs\n        \"\"\"\n        screen = None\n        stacktrace = None\n    \n        end_time = time.monotonic() + self._timeout\n        while True:\n            try:\n                value = method(self._driver)\n                if value:\n                    return value\n            except self._ignored_exceptions as exc:\n                screen = getattr(exc, 'screen', None)\n                stacktrace = getattr(exc, 'stacktrace', None)\n            time.sleep(self._poll)\n            if time.monotonic() > end_time:\n                break\n>       raise TimeoutException(message, screen, stacktrace)\nE       selenium.common.exceptions.TimeoutException: Message: \nE       Stacktrace:\nE       0   chromedriver                        0x0000000106af69c8 chromedriver + 5216712\nE       1   chromedriver                        0x0000000106aee603 chromedriver + 5182979\nE       2   chromedriver                        0x0000000106660527 chromedriver + 406823\nE       3   chromedriver                        0x00000001066abff2 chromedriver + 716786\nE       4   chromedriver                        0x00000001066ac181 chromedriver + 717185\nE       5   chromedriver                        0x00000001066f01d4 chromedriver + 995796\nE       6   chromedriver                        0x00000001066ce72d chromedriver + 857901\nE       7   chromedriver                        0x00000001066ed6bf chromedriver + 984767\nE       8   chromedriver                        0x00000001066ce4a3 chromedriver + 857251\nE       9   chromedriver                        0x000000010669efe3 chromedriver + 663523\nE       10  chromedriver                        0x000000010669f92e chromedriver + 665902\nE       11  chromedriver                        0x0000000106ab48e0 chromedriver + 4946144\nE       12  chromedriver                        0x0000000106aba994 chromedriver + 4970900\nE       13  chromedriver                        0x0000000106a953de chromedriver + 4817886\nE       14  chromedriver                        0x0000000106abb4a9 chromedriver + 4973737\nE       15  chromedriver                        0x0000000106a85664 chromedriver + 4752996\nE       16  chromedriver                        0x0000000106addb58 chromedriver + 5114712\nE       17  chromedriver                        0x0000000106addd17 chromedriver + 5115159\nE       18  chromedriver                        0x0000000106aee223 chromedriver + 5181987\nE       19  libsystem_pthread.dylib             0x00007ff80123a1d3 _pthread_start + 125\nE       20  libsystem_pthread.dylib             0x00007ff801235bd3 thread_start + 15\n\n/Library/Frameworks/Python.framework/Versions/3.10/lib/python3.10/site-packages/selenium/webdriver/support/wait.py:90: TimeoutException\n\nDuring handling of the above exception, another exception occurred:\n\nself = <tests.test_movie_list.TestMovieList object at 0x108827be0>, web_driver = <selenium.webdriver.chrome.webdriver.WebDriver (session=\"bd0b25f27d7a62dccb964a5cdd318fc2\")>\n\n    @pytest.mark.smoke\n    def test_movie_list(self, web_driver):\n    \n        # Initialization\n        self.init(web_driver)\n    \n        # Proceed to Login page\n        self.home_page.navigate_to_login_page()\n    \n        # Login to account\n        self.login_page.login_to_account(self.login, self.password)\n    \n        # Assert Logout button\n        assert self.home_page.is_logout_link_visible()\n    \n        # Select movie\n        self.home_page.select_movie('Casper')\n    \n        # Rate movie\n>       self.home_page.rate_movie()\n\ntests/test_movie_list.py:38: \n_ _ _ _ _ _ _ _ _ _ _ _ _ _ _ _ _ _ _ _ _ _ _ _ _ _ _ _ _ _ _ _ _ _ _ _ _ _ _ _ _ _ _ _ _ _ _ _ _ _ _ _ _ _ _ _ _ _ _ _ _ _ _ _ _ _ _ _ _ _ _ _ _ _ _ _ _ _ _ _ _ _ _ _ _ _ _ _ _ _ _ _ \npages/home_page.py:26: in rate_movie\n    self.find_element_and_click(HomePageLocators.RATE_SIGN)\n_ _ _ _ _ _ _ _ _ _ _ _ _ _ _ _ _ _ _ _ _ _ _ _ _ _ _ _ _ _ _ _ _ _ _ _ _ _ _ _ _ _ _ _ _ _ _ _ _ _ _ _ _ _ _ _ _ _ _ _ _ _ _ _ _ _ _ _ _ _ _ _ _ _ _ _ _ _ _ _ _ _ _ _ _ _ _ _ _ _ _ _ \n\nself = <pages.home_page.HomePage object at 0x108827490>, locator = ('xpath', \"//*[contains(@data-rating,'8')]\"), timeout = 10, return_bool = False\n\n    @allure.step\n    def find_element_and_click(self, locator, timeout=10, return_bool=False):\n        \"\"\"\n        Purpose:\n            find element based on locator, make sure element is clickable, and click the element.\n        Args:\n            locator (e.g. AndroidLocators.DEFAULT_ANDROID_POPOVER_OK_BUTTON)\n            (optional) timeout (int): How much time to wait before exception; default is 10 seconds\n            (optional) return_bool (bool): Return bool instead of assertionError; default is False\n        Returns:\n            either bool or None depends on return_bool option\n        \"\"\"\n        # this decides whether to fail the test if the element can't be found\n        function_will_return_boolean = return_bool\n        el = None\n        try:\n            el = WebDriverWait(self.driver, timeout).until(EC.presence_of_element_located(locator))\n        except TimeoutException:\n            if function_will_return_boolean:\n                return False\n            else:\n>               assert el is not None, 'element->{0} can\\'t be found in find_element_and_click'.format(str(locator))\nE               AssertionError: element->('xpath', \"//*[contains(@data-rating,'8')]\") can't be found in find_element_and_click\n\npages/base_pages.py:39: AssertionError"}, "steps": [{"name": "And user proceeds to login page", "status": "passed", "steps": [{"name": "find_element_and_click", "status": "passed", "parameters": [{"name": "locator", "value": "('xpath', \"//*[contains(@href,'/login/')]\")"}, {"name": "timeout", "value": "10"}, {"name": "return_bool", "value": "False"}], "start": 1714048332392, "stop": 1714048332546}], "start": 1714048332392, "stop": 1714048332546}, {"name": "And user logs in to account", "status": "passed", "steps": [{"name": "find_element_and_send_key", "status": "passed", "parameters": [{"name": "locator", "value": "('id', 'id_username')"}, {"name": "input", "value": "'lsqateam'"}, {"name": "timeout", "value": "10"}, {"name": "clear", "value": "False"}], "start": 1714048332546, "stop": 1714048332665}, {"name": "find_element_and_send_key", "status": "passed", "parameters": [{"name": "locator", "value": "('id', 'id_password')"}, {"name": "input", "value": "'Abc123!!'"}, {"name": "timeout", "value": "10"}, {"name": "clear", "value": "False"}], "start": 1714048332665, "stop": 1714048332786}, {"name": "find_element_and_click", "status": "passed", "parameters": [{"name": "locator", "value": "('xpath', \"//*[contains(@class,'btn btn-success')]\")"}, {"name": "timeout", "value": "10"}, {"name": "return_bool", "value": "False"}], "start": 1714048333787, "stop": 1714048333995}], "parameters": [{"name": "login", "value": "'lsqateam'"}, {"name": "password", "value": "'Abc123!!'"}], "start": 1714048332546, "stop": 1714048333995}, {"name": "And user see logout link", "status": "passed", "steps": [{"name": "find_element", "status": "passed", "parameters": [{"name": "locator", "value": "('xpath', \"//*[contains(@href,'/logout/')]\")"}, {"name": "timeout", "value": "10"}], "start": 1714048333995, "stop": 1714048334013}], "start": 1714048333995, "stop": 1714048334013}, {"name": "And user selects movie", "status": "passed", "steps": [{"name": "find_element_and_send_key", "status": "passed", "parameters": [{"name": "locator", "value": "('xpath', \"//input[contains(@class,'form-control input-lg')]\")"}, {"name": "input", "value": "'Casper'"}, {"name": "timeout", "value": "10"}, {"name": "clear", "value": "False"}], "start": 1714048334013, "stop": 1714048334051}, {"name": "find_element_and_click", "status": "passed", "parameters": [{"name": "locator", "value": "('xpath', \"//button[contains(@class,'btn btn-info btn-lg')]\")"}, {"name": "timeout", "value": "10"}, {"name": "return_bool", "value": "False"}], "start": 1714048334051, "stop": 1714048334120}, {"name": "find_element_and_click", "status": "passed", "parameters": [{"name": "locator", "value": "('xpath', \"//*[contains(@href, '/146/')]\")"}, {"name": "timeout", "value": "10"}, {"name": "return_bool", "value": "False"}], "start": 1714048334121, "stop": 1714048334197}], "parameters": [{"name": "name", "value": "'Casper'"}], "start": 1714048334013, "stop": 1714048334197}, {"name": "And user rates movie", "status": "failed", "statusDetails": {"message": "AssertionError: element->('xpath', \"//*[contains(@data-rating,'8')]\") can't be found in find_element_and_click\n", "trace": "  File \"/Library/Frameworks/Python.framework/Versions/3.10/lib/python3.10/site-packages/allure_commons/_allure.py\", line 192, in impl\n    return func(*a, **kw)\n  File \"/Users/yaroslav.petryk/Desktop/Docker/web_app/tests/pages/home_page.py\", line 26, in rate_movie\n    self.find_element_and_click(HomePageLocators.RATE_SIGN)\n  File \"/Library/Frameworks/Python.framework/Versions/3.10/lib/python3.10/site-packages/allure_commons/_allure.py\", line 192, in impl\n    return func(*a, **kw)\n  File \"/Users/yaroslav.petryk/Desktop/Docker/web_app/tests/pages/base_pages.py\", line 39, in find_element_and_click\n    assert el is not None, 'element->{0} can\\'t be found in find_element_and_click'.format(str(locator))\n"}, "steps": [{"name": "find_element_and_click", "status": "failed", "statusDetails": {"message": "AssertionError: element->('xpath', \"//*[contains(@data-rating,'8')]\") can't be found in find_element_and_click\n", "trace": "  File \"/Library/Frameworks/Python.framework/Versions/3.10/lib/python3.10/site-packages/allure_commons/_allure.py\", line 192, in impl\n    return func(*a, **kw)\n  File \"/Users/yaroslav.petryk/Desktop/Docker/web_app/tests/pages/base_pages.py\", line 39, in find_element_and_click\n    assert el is not None, 'element->{0} can\\'t be found in find_element_and_click'.format(str(locator))\n"}, "parameters": [{"name": "locator", "value": "('xpath', \"//*[contains(@data-rating,'8')]\")"}, {"name": "timeout", "value": "10"}, {"name": "return_bool", "value": "False"}], "start": 1714048334197, "stop": 1714048344424}], "start": 1714048334197, "stop": 1714048344428}], "attachments": [{"name": "log", "source": "67b5114a-b67d-4829-9be4-985e42273d44-attachment.txt", "type": "text/plain"}], "start": 1714048332379, "stop": 1714048344429, "uuid": "bce98045-6e50-45b7-a1ea-94e22df37e7e", "historyId": "8538c2aa21fffef178558add5292517a", "testCaseId": "8538c2aa21fffef178558add5292517a", "fullName": "tests.test_movie_list.TestMovieList#test_movie_list", "labels": [{"name": "tag", "value": "smoke"}, {"name": "parentSuite", "value": "tests"}, {"name": "suite", "value": "test_movie_list"}, {"name": "subSuite", "value": "TestMovieList"}, {"name": "host", "value": "ypetryk-MacBook-Pro.local"}, {"name": "thread", "value": "74956-MainThread"}, {"name": "framework", "value": "pytest"}, {"name": "language", "value": "cpython3"}, {"name": "package", "value": "tests.test_movie_list"}]}