{"name": "test_movie_list", "status": "failed", "statusDetails": {"message": "AssertionError: element->('xpath', \"//*[contains(@href,'/login/')]\") can't be found in find_element_and_click", "trace": "self = <pages.home_page.HomePage object at 0x108419630>, locator = ('xpath', \"//*[contains(@href,'/login/')]\"), timeout = 10, return_bool = False\n\n    @allure.step\n    def find_element_and_click(self, locator, timeout=10, return_bool=False):\n        \"\"\"\n        Purpose:\n            find element based on locator, make sure element is clickable, and click the element.\n        Args:\n            locator (e.g. AndroidLocators.DEFAULT_ANDROID_POPOVER_OK_BUTTON)\n            (optional) timeout (int): How much time to wait before exception; default is 10 seconds\n            (optional) return_bool (bool): Return bool instead of assertionError; default is False\n        Returns:\n            either bool or None depends on return_bool option\n        \"\"\"\n        # this decides whether to fail the test if the element can't be found\n        function_will_return_boolean = return_bool\n        el = None\n        try:\n>           el = WebDriverWait(self.driver, timeout).until(EC.presence_of_element_located(locator))\n\npages/base_pages.py:34: \n_ _ _ _ _ _ _ _ _ _ _ _ _ _ _ _ _ _ _ _ _ _ _ _ _ _ _ _ _ _ _ _ _ _ _ _ _ _ _ _ _ _ _ _ _ _ _ _ _ _ _ _ _ _ _ _ _ _ _ _ _ _ _ _ _ _ _ _ _ _ _ _ _ _ _ _ _ _ _ _ _ _ _ _ _ _ _ _ _ _ _ _ \n\nself = <selenium.webdriver.support.wait.WebDriverWait (session=\"f2e5df62d70e9c26975d14d08fe50bd4\")>, method = <function presence_of_element_located.<locals>._predicate at 0x108466c20>\nmessage = ''\n\n    def until(self, method, message: str = \"\"):\n        \"\"\"Calls the method provided with the driver as an argument until the \\\n        return value does not evaluate to ``False``.\n    \n        :param method: callable(WebDriver)\n        :param message: optional message for :exc:`TimeoutException`\n        :returns: the result of the last call to `method`\n        :raises: :exc:`selenium.common.exceptions.TimeoutException` if timeout occurs\n        \"\"\"\n        screen = None\n        stacktrace = None\n    \n        end_time = time.monotonic() + self._timeout\n        while True:\n            try:\n                value = method(self._driver)\n                if value:\n                    return value\n            except self._ignored_exceptions as exc:\n                screen = getattr(exc, 'screen', None)\n                stacktrace = getattr(exc, 'stacktrace', None)\n            time.sleep(self._poll)\n            if time.monotonic() > end_time:\n                break\n>       raise TimeoutException(message, screen, stacktrace)\nE       selenium.common.exceptions.TimeoutException: Message: \nE       Stacktrace:\nE       0   chromedriver                        0x000000010ee6f9c8 chromedriver + 5216712\nE       1   chromedriver                        0x000000010ee67603 chromedriver + 5182979\nE       2   chromedriver                        0x000000010e9d9527 chromedriver + 406823\nE       3   chromedriver                        0x000000010ea24ff2 chromedriver + 716786\nE       4   chromedriver                        0x000000010ea25181 chromedriver + 717185\nE       5   chromedriver                        0x000000010ea691d4 chromedriver + 995796\nE       6   chromedriver                        0x000000010ea4772d chromedriver + 857901\nE       7   chromedriver                        0x000000010ea666bf chromedriver + 984767\nE       8   chromedriver                        0x000000010ea474a3 chromedriver + 857251\nE       9   chromedriver                        0x000000010ea17fe3 chromedriver + 663523\nE       10  chromedriver                        0x000000010ea1892e chromedriver + 665902\nE       11  chromedriver                        0x000000010ee2d8e0 chromedriver + 4946144\nE       12  chromedriver                        0x000000010ee33994 chromedriver + 4970900\nE       13  chromedriver                        0x000000010ee0e3de chromedriver + 4817886\nE       14  chromedriver                        0x000000010ee344a9 chromedriver + 4973737\nE       15  chromedriver                        0x000000010edfe664 chromedriver + 4752996\nE       16  chromedriver                        0x000000010ee56b58 chromedriver + 5114712\nE       17  chromedriver                        0x000000010ee56d17 chromedriver + 5115159\nE       18  chromedriver                        0x000000010ee67223 chromedriver + 5181987\nE       19  libsystem_pthread.dylib             0x00007ff80123a1d3 _pthread_start + 125\nE       20  libsystem_pthread.dylib             0x00007ff801235bd3 thread_start + 15\n\n/Library/Frameworks/Python.framework/Versions/3.10/lib/python3.10/site-packages/selenium/webdriver/support/wait.py:90: TimeoutException\n\nDuring handling of the above exception, another exception occurred:\n\nself = <tests.test_movie_list.TestMovieList object at 0x10844fd90>, web_driver = <selenium.webdriver.chrome.webdriver.WebDriver (session=\"f2e5df62d70e9c26975d14d08fe50bd4\")>\n\n>   ???\n\n/Users/yaroslav.petryk/Desktop/web_app/tests/tests/test_movie_list.py:26: \n_ _ _ _ _ _ _ _ _ _ _ _ _ _ _ _ _ _ _ _ _ _ _ _ _ _ _ _ _ _ _ _ _ _ _ _ _ _ _ _ _ _ _ _ _ _ _ _ _ _ _ _ _ _ _ _ _ _ _ _ _ _ _ _ _ _ _ _ _ _ _ _ _ _ _ _ _ _ _ _ _ _ _ _ _ _ _ _ _ _ _ _ \npages/home_page.py:12: in navigate_to_login_page\n    self.find_element_and_click(HomePageLocators.LOGIN_LINK)\n_ _ _ _ _ _ _ _ _ _ _ _ _ _ _ _ _ _ _ _ _ _ _ _ _ _ _ _ _ _ _ _ _ _ _ _ _ _ _ _ _ _ _ _ _ _ _ _ _ _ _ _ _ _ _ _ _ _ _ _ _ _ _ _ _ _ _ _ _ _ _ _ _ _ _ _ _ _ _ _ _ _ _ _ _ _ _ _ _ _ _ _ \n\nself = <pages.home_page.HomePage object at 0x108419630>, locator = ('xpath', \"//*[contains(@href,'/login/')]\"), timeout = 10, return_bool = False\n\n    @allure.step\n    def find_element_and_click(self, locator, timeout=10, return_bool=False):\n        \"\"\"\n        Purpose:\n            find element based on locator, make sure element is clickable, and click the element.\n        Args:\n            locator (e.g. AndroidLocators.DEFAULT_ANDROID_POPOVER_OK_BUTTON)\n            (optional) timeout (int): How much time to wait before exception; default is 10 seconds\n            (optional) return_bool (bool): Return bool instead of assertionError; default is False\n        Returns:\n            either bool or None depends on return_bool option\n        \"\"\"\n        # this decides whether to fail the test if the element can't be found\n        function_will_return_boolean = return_bool\n        el = None\n        try:\n            el = WebDriverWait(self.driver, timeout).until(EC.presence_of_element_located(locator))\n        except TimeoutException:\n            if function_will_return_boolean:\n                return False\n            else:\n>               assert el is not None, 'element->{0} can\\'t be found in find_element_and_click'.format(str(locator))\nE               AssertionError: element->('xpath', \"//*[contains(@href,'/login/')]\") can't be found in find_element_and_click\n\npages/base_pages.py:39: AssertionError"}, "steps": [{"name": "And user proceeds to login page", "status": "failed", "statusDetails": {"message": "AssertionError: element->('xpath', \"//*[contains(@href,'/login/')]\") can't be found in find_element_and_click\n", "trace": "  File \"/Library/Frameworks/Python.framework/Versions/3.10/lib/python3.10/site-packages/allure_commons/_allure.py\", line 192, in impl\n    return func(*a, **kw)\n  File \"/Users/yaroslav.petryk/Desktop/Docker/web_app/tests/pages/home_page.py\", line 12, in navigate_to_login_page\n    self.find_element_and_click(HomePageLocators.LOGIN_LINK)\n  File \"/Library/Frameworks/Python.framework/Versions/3.10/lib/python3.10/site-packages/allure_commons/_allure.py\", line 192, in impl\n    return func(*a, **kw)\n  File \"/Users/yaroslav.petryk/Desktop/Docker/web_app/tests/pages/base_pages.py\", line 39, in find_element_and_click\n    assert el is not None, 'element->{0} can\\'t be found in find_element_and_click'.format(str(locator))\n"}, "steps": [{"name": "find_element_and_click", "status": "failed", "statusDetails": {"message": "AssertionError: element->('xpath', \"//*[contains(@href,'/login/')]\") can't be found in find_element_and_click\n", "trace": "  File \"/Library/Frameworks/Python.framework/Versions/3.10/lib/python3.10/site-packages/allure_commons/_allure.py\", line 192, in impl\n    return func(*a, **kw)\n  File \"/Users/yaroslav.petryk/Desktop/Docker/web_app/tests/pages/base_pages.py\", line 39, in find_element_and_click\n    assert el is not None, 'element->{0} can\\'t be found in find_element_and_click'.format(str(locator))\n"}, "parameters": [{"name": "locator", "value": "('xpath', \"//*[contains(@href,'/login/')]\")"}, {"name": "timeout", "value": "10"}, {"name": "return_bool", "value": "False"}], "start": 1714045904183, "stop": 1714045914407}], "start": 1714045904183, "stop": 1714045914413}], "attachments": [{"name": "log", "source": "462cca3b-397c-4a8e-a738-0945c0abbe4e-attachment.txt", "type": "text/plain"}], "start": 1714045904176, "stop": 1714045914415, "uuid": "6d7fd06f-9fb2-4366-af1f-059110f38b8e", "historyId": "8538c2aa21fffef178558add5292517a", "testCaseId": "8538c2aa21fffef178558add5292517a", "fullName": "tests.test_movie_list.TestMovieList#test_movie_list", "labels": [{"name": "tag", "value": "smoke"}, {"name": "parentSuite", "value": "tests"}, {"name": "suite", "value": "test_movie_list"}, {"name": "subSuite", "value": "TestMovieList"}, {"name": "host", "value": "ypetryk-MacBook-Pro.local"}, {"name": "thread", "value": "71811-MainThread"}, {"name": "framework", "value": "pytest"}, {"name": "language", "value": "cpython3"}, {"name": "package", "value": "tests.test_movie_list"}]}